<?xml version="1.0" encoding="UTF-8"?>
<!-- Generated by org.testng.reporters.JUnitReportReporter -->
<testsuite hostname="LAPTOP-0BLCE18E" failures="0" tests="3" name="Redbus" time="147.595" errors="0" timestamp="2024-07-28T15:43:51 IST" skipped="0">
  <testcase classname="Redbus" name="redBusTicketBooking" time="49.567"/>
  <system-out/>
  <testcase classname="Redbus" name="redBusTicketBooking" time="49.162"/>
  <system-out/>
  <testcase classname="Redbus" name="redBusTicketBooking" time="48.866"/>
  <system-out/>
</testsuite> <!-- Redbus -->
